0 info it worked if it ends with ok
1 verbose cli [ 'node', '/usr/local/bin/npm', 'install', '-g', 'ios-deploy' ]
2 info using npm@2.5.1
3 info using node@v0.12.0
4 silly cache add args [ 'ios-deploy', null ]
5 verbose cache add spec ios-deploy
6 silly cache add parsed spec { raw: 'ios-deploy',
6 silly cache add   scope: null,
6 silly cache add   name: 'ios-deploy',
6 silly cache add   rawSpec: '',
6 silly cache add   spec: '*',
6 silly cache add   type: 'range' }
7 verbose addNamed ios-deploy@*
8 silly addNamed semver.valid null
9 silly addNamed semver.validRange *
10 silly addNameRange { name: 'ios-deploy', range: '*', hasData: false }
11 silly mapToRegistry name ios-deploy
12 silly mapToRegistry using default registry
13 silly mapToRegistry registry https://registry.npmjs.org/
14 silly mapToRegistry uri https://registry.npmjs.org/ios-deploy
15 verbose addNameRange registry:https://registry.npmjs.org/ios-deploy not in flight; fetching
16 verbose request uri https://registry.npmjs.org/ios-deploy
17 verbose request no auth needed
18 info attempt registry request try #1 at 8:21:55 PM
19 verbose request id a0bcd940c8e10bbe
20 verbose etag "7I4LKAKRAMPQC1R654UWFKTSZ"
21 http request GET https://registry.npmjs.org/ios-deploy
22 http 200 https://registry.npmjs.org/ios-deploy
23 silly get cb [ 200,
23 silly get   { date: 'Wed, 11 Mar 2015 19:21:55 GMT',
23 silly get     server: 'CouchDB/1.5.0 (Erlang OTP/R16B03)',
23 silly get     etag: '"41G68TKKYGSN5OACY2XQABNID"',
23 silly get     'content-type': 'application/json',
23 silly get     'cache-control': 'max-age=60',
23 silly get     'content-length': '19336',
23 silly get     'accept-ranges': 'bytes',
23 silly get     via: '1.1 varnish',
23 silly get     age: '12',
23 silly get     'x-served-by': 'cache-fra1248-FRA',
23 silly get     'x-cache': 'HIT',
23 silly get     'x-cache-hits': '1',
23 silly get     'x-timer': 'S1426101715.391552,VS0,VE0',
23 silly get     vary: 'Accept',
23 silly get     'keep-alive': 'timeout=10, max=50',
23 silly get     connection: 'Keep-Alive' } ]
24 verbose get saving ios-deploy to /Users/tristan/.npm/registry.npmjs.org/ios-deploy/.cache.json
25 silly addNameRange number 2 { name: 'ios-deploy', range: '*', hasData: true }
26 silly addNameRange versions [ 'ios-deploy',
26 silly addNameRange   [ '1.0.1',
26 silly addNameRange     '1.0.2',
26 silly addNameRange     '1.0.3',
26 silly addNameRange     '1.0.4',
26 silly addNameRange     '1.0.5',
26 silly addNameRange     '1.0.6',
26 silly addNameRange     '1.0.7',
26 silly addNameRange     '1.0.8',
26 silly addNameRange     '1.0.9',
26 silly addNameRange     '1.1.0',
26 silly addNameRange     '1.2.0',
26 silly addNameRange     '1.3.0',
26 silly addNameRange     '1.3.1',
26 silly addNameRange     '1.3.2',
26 silly addNameRange     '1.4.0' ] ]
27 verbose addNamed ios-deploy@1.4.0
28 silly addNamed semver.valid 1.4.0
29 silly addNamed semver.validRange 1.4.0
30 silly mapToRegistry name ios-deploy
31 silly mapToRegistry using default registry
32 silly mapToRegistry registry https://registry.npmjs.org/
33 silly mapToRegistry uri https://registry.npmjs.org/ios-deploy
34 verbose addRemoteTarball https://registry.npmjs.org/ios-deploy/-/ios-deploy-1.4.0.tgz not in flight; adding
35 verbose addRemoteTarball [ 'https://registry.npmjs.org/ios-deploy/-/ios-deploy-1.4.0.tgz',
35 verbose addRemoteTarball   '94599f8082711af072bee1b67f01d10a34c168ef' ]
36 info retry fetch attempt 1 at 8:21:55 PM
37 info attempt registry request try #1 at 8:21:55 PM
38 http fetch GET https://registry.npmjs.org/ios-deploy/-/ios-deploy-1.4.0.tgz
39 http fetch 200 https://registry.npmjs.org/ios-deploy/-/ios-deploy-1.4.0.tgz
40 silly fetchAndShaCheck shasum 94599f8082711af072bee1b67f01d10a34c168ef
41 verbose addTmpTarball /var/folders/jb/g3h52sns4dz2hyhps_qdf8hc0000gn/T/npm-4888-0373a9c6/registry.npmjs.org/ios-deploy/-/ios-deploy-1.4.0.tgz not in flight; adding
42 verbose addTmpTarball already have metadata; skipping unpack for ios-deploy@1.4.0
43 silly cache afterAdd ios-deploy@1.4.0
44 verbose afterAdd /Users/tristan/.npm/ios-deploy/1.4.0/package/package.json not in flight; writing
45 verbose afterAdd /Users/tristan/.npm/ios-deploy/1.4.0/package/package.json written
46 silly install resolved [ { name: 'ios-deploy',
46 silly install resolved     version: '1.4.0',
46 silly install resolved     description: 'launch iOS apps iOS devices from the command line (Xcode 6)',
46 silly install resolved     main: 'ios-deploy',
46 silly install resolved     scripts: { preinstall: 'make ios-deploy' },
46 silly install resolved     bin: { 'ios-deploy': './ios-deploy' },
46 silly install resolved     repository: { type: 'git', url: 'https://github.com/phonegap/ios-deploy' },
46 silly install resolved     keywords: [ 'ios-deploy', 'deploy to iOS device' ],
46 silly install resolved     author: { name: 'Greg Hughes' },
46 silly install resolved     license: 'GPLv3',
46 silly install resolved     gitHead: '56abf4e92e390350a79999df277eb6a8cc067a31',
46 silly install resolved     bugs: { url: 'https://github.com/phonegap/ios-deploy/issues' },
46 silly install resolved     homepage: 'https://github.com/phonegap/ios-deploy',
46 silly install resolved     _id: 'ios-deploy@1.4.0',
46 silly install resolved     _shasum: '94599f8082711af072bee1b67f01d10a34c168ef',
46 silly install resolved     _from: 'ios-deploy@*',
46 silly install resolved     _npmVersion: '1.4.21',
46 silly install resolved     _npmUser: { name: 'shazron', email: 'shazron@gmail.com' },
46 silly install resolved     maintainers: [ [Object], [Object], [Object] ],
46 silly install resolved     dist:
46 silly install resolved      { shasum: '94599f8082711af072bee1b67f01d10a34c168ef',
46 silly install resolved        tarball: 'http://registry.npmjs.org/ios-deploy/-/ios-deploy-1.4.0.tgz' },
46 silly install resolved     directories: {},
46 silly install resolved     _resolved: 'https://registry.npmjs.org/ios-deploy/-/ios-deploy-1.4.0.tgz' } ]
47 info install ios-deploy@1.4.0 into /usr/local/lib
48 info installOne ios-deploy@1.4.0
49 verbose installOne of ios-deploy to /usr/local/lib not in flight; installing
50 warn locking Error: EACCES, open '/Users/tristan/.npm/_locks/ios-deploy-198957223cd98201.lock'
50 warn locking     at Error (native)
50 warn locking  /Users/tristan/.npm/_locks/ios-deploy-198957223cd98201.lock failed { [Error: EACCES, open '/Users/tristan/.npm/_locks/ios-deploy-198957223cd98201.lock']
50 warn locking   errno: -13,
50 warn locking   code: 'EACCES',
50 warn locking   path: '/Users/tristan/.npm/_locks/ios-deploy-198957223cd98201.lock' }
51 verbose stack Error: Attempt to unlock /usr/local/lib/node_modules/ios-deploy, which hasn't been locked
51 verbose stack     at unlock (/usr/local/lib/node_modules/npm/lib/utils/locker.js:66:11)
51 verbose stack     at cb (/usr/local/lib/node_modules/npm/lib/install.js:929:5)
51 verbose stack     at /usr/local/lib/node_modules/npm/lib/install.js:933:20
51 verbose stack     at /usr/local/lib/node_modules/npm/lib/utils/locker.js:40:9
51 verbose stack     at cb (/usr/local/lib/node_modules/npm/node_modules/lockfile/lockfile.js:149:38)
51 verbose stack     at /usr/local/lib/node_modules/npm/node_modules/lockfile/lockfile.js:177:38
51 verbose stack     at FSReqWrap.oncomplete (fs.js:99:15)
52 verbose cwd /Users/tristan/GitHub/Autoskola
53 error Darwin 14.1.0
54 error argv "node" "/usr/local/bin/npm" "install" "-g" "ios-deploy"
55 error node v0.12.0
56 error npm  v2.5.1
57 error Attempt to unlock /usr/local/lib/node_modules/ios-deploy, which hasn't been locked
58 error If you need help, you may report this error at:
58 error     <http://github.com/npm/npm/issues>
59 verbose exit [ 1, true ]
