2015-02-28 14:36:30.027 Autoskola[8847:369694] DiskCookieStorage changing policy from 2 to 0, cookie file: file:///Users/tristan/Library/Developer/CoreSimulator/Devices/C47A71FA-E29A-4AC0-B1BF-5AA4C7B7A72E/data/Containers/Data/Application/AA8B891B-7D52-4C03-A3B7-661F2FDE84A0/Library/Cookies/Cookies.binarycookies
2015-02-28 14:36:30.376 Autoskola[8847:369694] Apache Cordova native platform version 3.7.0 is starting.
2015-02-28 14:36:30.377 Autoskola[8847:369694] Multi-tasking -> Device: YES, App: YES
2015-02-28 14:36:30.394 Autoskola[8847:369694] Unlimited access to network resources
2015-02-28 14:36:30.913 Autoskola[8847:369694] [CDVTimer][keyboard] 0.066042ms
2015-02-28 14:36:30.913 Autoskola[8847:369694] [CDVTimer][TotalPluginStartup] 0.249028ms
2015-02-28 14:36:32.020 Autoskola[8847:369694] Resetting plugins due to page load.
2015-02-28 14:36:32.342 Autoskola[8847:369694] Finished load of: file:///Users/tristan/Library/Developer/CoreSimulator/Devices/C47A71FA-E29A-4AC0-B1BF-5AA4C7B7A72E/data/Containers/Bundle/Application/60794348-B0D6-4ACC-ACDB-C58DAFB9ECD6/Autoskola.app/www/index.html
2015-03-10 21:03:50.245 Autoskola[9417:1155252] DiskCookieStorage changing policy from 2 to 0, cookie file: file:///Users/tristan/Library/Developer/CoreSimulator/Devices/C47A71FA-E29A-4AC0-B1BF-5AA4C7B7A72E/data/Containers/Data/Application/F58883E0-FB7E-4536-B96E-E7429ACC6F5B/Library/Cookies/Cookies.binarycookies
2015-03-10 21:03:50.546 Autoskola[9417:1155252] Apache Cordova native platform version 3.7.0 is starting.
2015-03-10 21:03:50.547 Autoskola[9417:1155252] Multi-tasking -> Device: YES, App: YES
2015-03-10 21:03:50.564 Autoskola[9417:1155252] Unlimited access to network resources
2015-03-10 21:03:51.104 Autoskola[9417:1155252] [CDVTimer][keyboard] 0.066042ms
2015-03-10 21:03:51.105 Autoskola[9417:1155252] [CDVTimer][TotalPluginStartup] 0.304997ms
2015-03-10 21:03:51.444 Autoskola[9417:1155252] Resetting plugins due to page load.
2015-03-10 21:03:51.947 Autoskola[9417:1155252] Finished load of: file:///Users/tristan/Library/Developer/CoreSimulator/Devices/C47A71FA-E29A-4AC0-B1BF-5AA4C7B7A72E/data/Containers/Bundle/Application/5C3DF18A-932F-4B3F-A1E0-B41C5F8C8471/Autoskola.app/www/index.html#/tabs/theory
2015-03-25 21:49:06.766 Autoskola[8639:923761] DiskCookieStorage changing policy from 2 to 0, cookie file: file:///Users/tristan/Library/Developer/CoreSimulator/Devices/ED31A8E0-7ABB-4428-A6B4-AB9B995BFEB0/data/Containers/Data/Application/3B6A4030-B3D7-4FF6-9B28-277764F36FE1/Library/Cookies/Cookies.binarycookies
2015-03-25 21:49:07.062 Autoskola[8639:923761] Apache Cordova native platform version 3.7.0 is starting.
2015-03-25 21:49:07.063 Autoskola[8639:923761] Multi-tasking -> Device: YES, App: YES
2015-03-25 21:49:07.078 Autoskola[8639:923761] Unlimited access to network resources
2015-03-25 21:49:07.465 Autoskola[8639:923761] [CDVTimer][keyboard] 0.078022ms
2015-03-25 21:49:07.465 Autoskola[8639:923761] [CDVTimer][TotalPluginStartup] 0.286996ms
2015-03-25 21:49:07.975 Autoskola[8639:923761] Resetting plugins due to page load.
2015-03-25 21:49:08.598 Autoskola[8639:923761] Finished load of: file:///Users/tristan/Library/Developer/CoreSimulator/Devices/ED31A8E0-7ABB-4428-A6B4-AB9B995BFEB0/data/Containers/Bundle/Application/F6ADD107-7108-4070-9291-2BB89BA99036/Autoskola.app/www/index.html#/tabs/theory
2015-03-25 21:50:46.090 Autoskola[8639:924734] Terminating since there is no system app.
2015-03-28 14:11:17.921 Autoskola[14229:1779228] DiskCookieStorage changing policy from 2 to 0, cookie file: file:///Users/tristan/Library/Developer/CoreSimulator/Devices/ED31A8E0-7ABB-4428-A6B4-AB9B995BFEB0/data/Containers/Data/Application/2EDDCAEA-C011-4C30-A225-D127A87E427B/Library/Cookies/Cookies.binarycookies
2015-03-28 14:11:18.197 Autoskola[14229:1779228] Apache Cordova native platform version 3.7.0 is starting.
2015-03-28 14:11:18.197 Autoskola[14229:1779228] Multi-tasking -> Device: YES, App: YES
2015-03-28 14:11:18.220 Autoskola[14229:1779228] Unlimited access to network resources
2015-03-28 14:11:18.606 Autoskola[14229:1779228] [CDVTimer][keyboard] 0.075996ms
2015-03-28 14:11:18.607 Autoskola[14229:1779228] [CDVTimer][TotalPluginStartup] 0.270009ms
2015-03-28 14:11:18.964 Autoskola[14229:1779228] Resetting plugins due to page load.
2015-03-28 14:11:19.330 Autoskola[14229:1779228] Finished load of: file:///Users/tristan/Library/Developer/CoreSimulator/Devices/ED31A8E0-7ABB-4428-A6B4-AB9B995BFEB0/data/Containers/Bundle/Application/1307EFB7-48A3-41CD-8971-6B17CD076BEA/Autoskola.app/www/index.html#/tabs/theory
2015-03-28 14:11:33.575 Autoskola[14229:1779228] [{"id":3,"headline":"Dať prednosť v jazde","paragraph":"Povinnosť účastníka cestnej premávky počínať si tak, aby ten, kto má prednosť v jazde, nemusel <b>náhle</b> zmeniť smer alebo rýchlosť jazdy."}]
2015-03-28 14:12:22.255 Autoskola[14229:1779758] Terminating since there is no system app.
